<?xml version="1.0" encoding="UTF-8"?>
<testng-results skipped="0" failed="0" total="1" passed="1">
  <reporter-output>
  </reporter-output>
  <suite name="Default suite" duration-ms="98" started-at="2022-07-27T07:47:24Z" finished-at="2022-07-27T07:47:24Z">
    <groups>
    </groups>
    <test name="Default test" duration-ms="98" started-at="2022-07-27T07:47:24Z" finished-at="2022-07-27T07:47:24Z">
      <class name="test.smple">
        <test-method status="PASS" signature="m1()[pri:0, instance:test.smple@7cd62f43]" name="m1" duration-ms="48" started-at="2022-07-27T13:17:24Z" finished-at="2022-07-27T13:17:24Z">
          <reporter-output>
          </reporter-output>
        </test-method> <!-- m1 -->
      </class> <!-- test.smple -->
    </test> <!-- Default test -->
  </suite> <!-- Default suite -->
</testng-results>
